
======================================================================
                          GPU CONFIGURATION                           
======================================================================
  Device:           NVIDIA A100-SXM4-40GB
  CUDA Version:     12.8
  Total VRAM:       39.49 GB
  Compute Cap:      8.0
  Multi-Processors: 108
======================================================================

Loading model...
Non-A100 GPU detected, using math or mem efficient attention if input tensor is on cuda
Model loaded. Parameters: 35,711,491
Model VRAM usage: 1.19 GB

Initializing monitored trainer...


======================================================================
                          STARTING TRAINING                           
======================================================================
  Training steps:   700,000
  Batch size:       256
  Gradient accum:   1
  Effective batch:  256
  Learning rate:    2.00e-04
  Save interval:    Every 2000 steps
  AMP enabled:      True
======================================================================

Starting GPU memory monitoring...
Saving checkpoint at step 2000...
Generating samples...
✓ Sample generation successful
✓ Saved samples to sample-1.png
Saving checkpoint at step 4000...
Generating samples...
✓ Sample generation successful
✓ Saved samples to sample-2.png
Saving checkpoint at step 6000...
Generating samples...
✓ Sample generation successful
✓ Saved samples to sample-3.png
Saving checkpoint at step 8000...
Generating samples...
✓ Sample generation successful
✓ Saved samples to sample-4.png
Saving checkpoint at step 10000...
Generating samples...
✓ Sample generation successful
✓ Saved samples to sample-5.png
Saving checkpoint at step 12000...
Generating samples...
✓ Sample generation successful
✓ Saved samples to sample-6.png
Saving checkpoint at step 14000...
Generating samples...
✓ Sample generation successful
✓ Saved samples to sample-7.png
Saving checkpoint at step 16000...
Generating samples...
✓ Sample generation successful
✓ Saved samples to sample-8.png
Saving checkpoint at step 18000...
Generating samples...
✓ Sample generation successful
✓ Saved samples to sample-9.png
Saving checkpoint at step 20000...
Generating samples...
✓ Sample generation successful
✓ Saved samples to sample-10.png
Saving checkpoint at step 22000...
Generating samples...
✓ Sample generation successful
✓ Saved samples to sample-11.png
Saving checkpoint at step 24000...
Generating samples...
✓ Sample generation successful
✓ Saved samples to sample-12.png
