
======================================================================
                          GPU CONFIGURATION                           
======================================================================
  Device:           NVIDIA A40
  CUDA Version:     12.8
  Total VRAM:       44.43 GB
  Compute Cap:      8.6
  Multi-Processors: 84
======================================================================

Loading model...
Model loaded. Parameters: 35,711,491
Model VRAM usage: 1.08 GB

Replacing dataset with AugmentedDataset...
Initializing monitored trainer...


======================================================================
                          STARTING TRAINING                           
======================================================================
  Training steps:   30,000
  Batch size:       256
  Gradient accum:   1
  Effective batch:  256
  Learning rate:    1.00e-04
  Save interval:    Every 2000 steps
  AMP enabled:      False
======================================================================

Starting GPU memory monitoring...
Saving checkpoint at step 2000...
Generating samples...
✓ Sample generation successful
✓ Saved samples to sample-1.png
Saving checkpoint at step 4000...
Generating samples...
✓ Sample generation successful
✓ Saved samples to sample-2.png
Saving checkpoint at step 6000...
Generating samples...
✓ Sample generation successful
✓ Saved samples to sample-3.png
Saving checkpoint at step 8000...
Generating samples...
✓ Sample generation successful
✓ Saved samples to sample-4.png
Saving checkpoint at step 10000...
Generating samples...
✓ Sample generation successful
✓ Saved samples to sample-5.png
Saving checkpoint at step 12000...
Generating samples...
✓ Sample generation successful
✓ Saved samples to sample-6.png
Saving checkpoint at step 14000...
Generating samples...
✓ Sample generation successful
✓ Saved samples to sample-7.png
Saving checkpoint at step 16000...
Generating samples...
✓ Sample generation successful
✓ Saved samples to sample-8.png
Saving checkpoint at step 18000...
Generating samples...
✓ Sample generation successful
✓ Saved samples to sample-9.png
Saving checkpoint at step 20000...
Generating samples...
✓ Sample generation successful
✓ Saved samples to sample-10.png
Saving checkpoint at step 22000...
Generating samples...
✓ Sample generation successful
✓ Saved samples to sample-11.png
Saving checkpoint at step 24000...
Generating samples...
✓ Sample generation successful
✓ Saved samples to sample-12.png
Saving checkpoint at step 26000...
Generating samples...
✓ Sample generation successful
✓ Saved samples to sample-13.png
Saving checkpoint at step 28000...
Generating samples...
✓ Sample generation successful
✓ Saved samples to sample-14.png
Saving checkpoint at step 30000...
Generating samples...
✓ Sample generation successful
✓ Saved samples to sample-15.png
training complete

======================================================================
                           TRAINING SUMMARY                           
======================================================================
  Total training time:  09:18:14
======================================================================


======================================================================
                        GPU MEMORY STATISTICS                         
======================================================================
  Total VRAM:     44.43 GB
  Current:        35.68 GB  ( 80.3%)
  Peak:           34.68 GB  ( 78.1%)
  Average:        13.66 GB  ( 30.7%)
  Available:       8.75 GB
======================================================================

