
======================================================================
                          GPU CONFIGURATION                           
======================================================================
  Device:           NVIDIA A40
  CUDA Version:     12.8
  Total VRAM:       44.43 GB
  Compute Cap:      8.6
  Multi-Processors: 84
======================================================================

Loading model...
Replacing dataset with DatasetMildAug...

======================================================================
                STARTING EXP 3: DEEPER MODEL + STD LR                 
======================================================================
  Training steps:   100,000
  Learning rate:    1.00e-04
  Model dims:       96 (Deeper)
======================================================================

Saving checkpoint at step 4000...
Generating samples...
✓ Sample generation successful
✓ Saved samples to sample-1.png
Saving checkpoint at step 8000...
Generating samples...
✓ Sample generation successful
✓ Saved samples to sample-2.png
Saving checkpoint at step 12000...
Generating samples...
✓ Sample generation successful
✓ Saved samples to sample-3.png
Saving checkpoint at step 16000...
Generating samples...
✓ Sample generation successful
✓ Saved samples to sample-4.png
Saving checkpoint at step 20000...
Generating samples...
✓ Sample generation successful
✓ Saved samples to sample-5.png
Saving checkpoint at step 24000...
Generating samples...
✓ Sample generation successful
✓ Saved samples to sample-6.png
Saving checkpoint at step 28000...
Generating samples...
✓ Sample generation successful
✓ Saved samples to sample-7.png
Saving checkpoint at step 32000...
Generating samples...
✓ Sample generation successful
✓ Saved samples to sample-8.png
Saving checkpoint at step 36000...
Generating samples...
✓ Sample generation successful
✓ Saved samples to sample-9.png
Saving checkpoint at step 40000...
Generating samples...
✓ Sample generation successful
✓ Saved samples to sample-10.png
Saving checkpoint at step 44000...
Generating samples...
✓ Sample generation successful
✓ Saved samples to sample-11.png
Saving checkpoint at step 48000...
Generating samples...
✓ Sample generation successful
✓ Saved samples to sample-12.png
Saving checkpoint at step 52000...
Generating samples...
✓ Sample generation successful
✓ Saved samples to sample-13.png
Saving checkpoint at step 56000...
Generating samples...
✓ Sample generation successful
✓ Saved samples to sample-14.png
Saving checkpoint at step 60000...
Generating samples...
✓ Sample generation successful
✓ Saved samples to sample-15.png
Saving checkpoint at step 64000...
Generating samples...
✓ Sample generation successful
✓ Saved samples to sample-16.png
Saving checkpoint at step 68000...
Generating samples...
✓ Sample generation successful
✓ Saved samples to sample-17.png
Saving checkpoint at step 72000...
Generating samples...
✓ Sample generation successful
✓ Saved samples to sample-18.png
Saving checkpoint at step 76000...
Generating samples...
✓ Sample generation successful
✓ Saved samples to sample-19.png
Saving checkpoint at step 80000...
Generating samples...
✓ Sample generation successful
✓ Saved samples to sample-20.png
Saving checkpoint at step 84000...
Generating samples...
✓ Sample generation successful
✓ Saved samples to sample-21.png
Saving checkpoint at step 88000...
Generating samples...
✓ Sample generation successful
✓ Saved samples to sample-22.png
Saving checkpoint at step 92000...
Generating samples...
✓ Sample generation successful
✓ Saved samples to sample-23.png
Saving checkpoint at step 96000...
Generating samples...
✓ Sample generation successful
✓ Saved samples to sample-24.png
Saving checkpoint at step 100000...
Generating samples...
✓ Sample generation successful
✓ Saved samples to sample-25.png
training complete
