
======================================================================
                          GPU CONFIGURATION                           
======================================================================
  Device:           NVIDIA RTX A6000
  CUDA Version:     12.8
  Total VRAM:       47.41 GB
  Compute Cap:      8.6
  Multi-Processors: 84
======================================================================

Loading model...
Model loaded. Parameters: 35,711,491
Model VRAM usage: 0.15 GB

Replacing dataset with AugmentedDataset...
Initializing monitored trainer...


======================================================================
                          STARTING TRAINING                           
======================================================================
  Training steps:   70,000
  Batch size:       64
  Gradient accum:   1
  Effective batch:  64
  Learning rate:    1.00e-04
  Save interval:    Every 2000 steps
  AMP enabled:      False
======================================================================

Starting GPU memory monitoring...
Saving checkpoint at step 2000...
Generating samples...
✓ Sample generation successful
✓ Saved samples to sample-1.png
Saving checkpoint at step 4000...
Generating samples...
✓ Sample generation successful
✓ Saved samples to sample-2.png
Saving checkpoint at step 6000...
Generating samples...
✓ Sample generation successful
✓ Saved samples to sample-3.png
Saving checkpoint at step 8000...
Generating samples...
✓ Sample generation successful
✓ Saved samples to sample-4.png
Saving checkpoint at step 10000...
Generating samples...
✓ Sample generation successful
✓ Saved samples to sample-5.png
Saving checkpoint at step 12000...
Generating samples...
✓ Sample generation successful
✓ Saved samples to sample-6.png
Saving checkpoint at step 14000...
Generating samples...
✓ Sample generation successful
✓ Saved samples to sample-7.png
Saving checkpoint at step 16000...
Generating samples...
✓ Sample generation successful
✓ Saved samples to sample-8.png
Saving checkpoint at step 18000...
Generating samples...
✓ Sample generation successful
✓ Saved samples to sample-9.png
Saving checkpoint at step 20000...
Generating samples...
✓ Sample generation successful
✓ Saved samples to sample-10.png
Saving checkpoint at step 22000...
Generating samples...
✓ Sample generation successful
✓ Saved samples to sample-11.png
Saving checkpoint at step 24000...
Generating samples...
✓ Sample generation successful
✓ Saved samples to sample-12.png
Saving checkpoint at step 26000...
Generating samples...
✓ Sample generation successful
✓ Saved samples to sample-13.png
Saving checkpoint at step 28000...
Generating samples...
✓ Sample generation successful
✓ Saved samples to sample-14.png
Saving checkpoint at step 30000...
Generating samples...
✓ Sample generation successful
✓ Saved samples to sample-15.png
Saving checkpoint at step 32000...
Generating samples...
✓ Sample generation successful
✓ Saved samples to sample-16.png
Saving checkpoint at step 34000...
Generating samples...
✓ Sample generation successful
✓ Saved samples to sample-17.png
Saving checkpoint at step 36000...
Generating samples...
✓ Sample generation successful
✓ Saved samples to sample-18.png
Saving checkpoint at step 38000...
Generating samples...
✓ Sample generation successful
✓ Saved samples to sample-19.png
Saving checkpoint at step 40000...
Generating samples...
✓ Sample generation successful
✓ Saved samples to sample-20.png
Saving checkpoint at step 42000...
Generating samples...
✓ Sample generation successful
✓ Saved samples to sample-21.png
Saving checkpoint at step 44000...
Generating samples...
✓ Sample generation successful
✓ Saved samples to sample-22.png
Saving checkpoint at step 46000...
Generating samples...
✓ Sample generation successful
✓ Saved samples to sample-23.png
Saving checkpoint at step 48000...
Generating samples...
✓ Sample generation successful
✓ Saved samples to sample-24.png
Saving checkpoint at step 50000...
Generating samples...
✓ Sample generation successful
✓ Saved samples to sample-25.png
Saving checkpoint at step 52000...
Generating samples...
✓ Sample generation successful
✓ Saved samples to sample-26.png
Saving checkpoint at step 54000...
Generating samples...
✓ Sample generation successful
✓ Saved samples to sample-27.png
Saving checkpoint at step 56000...
Generating samples...
✓ Sample generation successful
✓ Saved samples to sample-28.png
Saving checkpoint at step 58000...
Generating samples...
✓ Sample generation successful
✓ Saved samples to sample-29.png
Saving checkpoint at step 60000...
Generating samples...
✓ Sample generation successful
✓ Saved samples to sample-30.png
Saving checkpoint at step 62000...
Generating samples...
✓ Sample generation successful
✓ Saved samples to sample-31.png
Saving checkpoint at step 64000...
Generating samples...
✓ Sample generation successful
✓ Saved samples to sample-32.png
Saving checkpoint at step 66000...
Generating samples...
✓ Sample generation successful
✓ Saved samples to sample-33.png
Saving checkpoint at step 68000...
Generating samples...
✓ Sample generation successful
✓ Saved samples to sample-34.png
Saving checkpoint at step 70000...
Generating samples...
✓ Sample generation successful
✓ Saved samples to sample-35.png
training complete

======================================================================
                           TRAINING SUMMARY                           
======================================================================
  Total training time:  05:42:34
======================================================================


======================================================================
                        GPU MEMORY STATISTICS                         
======================================================================
  Total VRAM:     47.41 GB
  Current:         9.07 GB  ( 19.1%)
  Peak:            9.07 GB  ( 19.1%)
  Average:         3.50 GB  (  7.4%)
  Available:      38.34 GB
======================================================================

